8/15/2021, 4:24:25 PM | ERROR | GET 404 Not Founddata "http://localhost:5000/assets/js/popper.min.js.map" | 
8/15/2021, 4:24:26 PM | ERROR | GET 404 Not Founddata "http://localhost:5000/assets/js/bootstrap.min.js.map" | 
8/15/2021, 4:24:26 PM | ERROR | GET 404 Not Founddata "http://localhost:5000/assets/js/aos.js.map" | 
8/15/2021, 4:24:27 PM | ERROR | GET 404 Not Founddata "http://localhost:5000/assets/css/aos.css.map" | 
8/15/2021, 4:28:57 PM | ERROR | GET 404 Not Founddata "http://localhost:5000/assets/css/aos.css.map" | 
8/15/2021, 4:28:57 PM | ERROR | GET 404 Not Founddata "http://localhost:5000/assets/js/popper.min.js.map" | 
8/15/2021, 4:28:57 PM | ERROR | GET 404 Not Founddata "http://localhost:5000/assets/js/bootstrap.min.js.map" | 
8/15/2021, 4:28:57 PM | ERROR | GET 404 Not Founddata "http://localhost:5000/assets/js/aos.js.map" | 
8/15/2021, 4:33:24 PM | ERROR | GET 404 Not Founddata "http://localhost:5000/assets/js/popper.min.js.map" | 
8/15/2021, 4:33:25 PM | ERROR | GET 404 Not Founddata "http://localhost:5000/assets/js/bootstrap.min.js.map" | 
8/15/2021, 4:33:26 PM | ERROR | GET 404 Not Founddata "http://localhost:5000/assets/js/aos.js.map" | 
8/15/2021, 4:33:27 PM | ERROR | GET 404 Not Founddata "http://localhost:5000/assets/css/bootstrap.min.css.map" | 
8/15/2021, 4:33:27 PM | ERROR | GET 404 Not Founddata "http://localhost:5000/assets/css/aos.css.map" | 
8/15/2021, 4:34:31 PM | ERROR | GET 404 Not Founddata "http://localhost:5000/assets/css/aos.css.map" | 
8/15/2021, 4:34:31 PM | ERROR | GET 404 Not Founddata "http://localhost:5000/assets/css/bootstrap.min.css.map" | 
8/15/2021, 4:34:33 PM | ERROR | GET 404 Not Founddata "http://localhost:5000/assets/js/aos.js.map" | 
8/15/2021, 4:34:33 PM | ERROR | GET 404 Not Founddata "http://localhost:5000/assets/js/bootstrap.min.js.map" | 
8/15/2021, 4:34:33 PM | ERROR | GET 404 Not Founddata "http://localhost:5000/assets/js/popper.min.js.map" | 
8/15/2021, 4:34:45 PM | ERROR | GET 404 Not Founddata "http://localhost:5000/assets/css/aos.css.map" | 
8/15/2021, 4:34:45 PM | ERROR | GET 404 Not Founddata "http://localhost:5000/assets/css/bootstrap.min.css.map" | 
8/15/2021, 4:34:45 PM | ERROR | GET 404 Not Founddata "http://localhost:5000/assets/js/popper.min.js.map" | 
8/15/2021, 4:34:47 PM | ERROR | GET 404 Not Founddata "http://localhost:5000/assets/js/bootstrap.min.js.map" | 
8/15/2021, 4:34:47 PM | ERROR | GET 404 Not Founddata "http://localhost:5000/assets/js/aos.js.map" | 
8/15/2021, 4:35:14 PM | ERROR | GET 404 Not Founddata "http://localhost:5000/assets/css/aos.css.map" | 
8/15/2021, 4:35:14 PM | ERROR | GET 404 Not Founddata "http://localhost:5000/assets/css/bootstrap.min.css.map" | 
8/15/2021, 4:35:14 PM | ERROR | GET 404 Not Founddata "http://localhost:5000/assets/js/popper.min.js.map" | 
8/15/2021, 4:35:14 PM | ERROR | GET 404 Not Founddata "http://localhost:5000/assets/js/bootstrap.min.js.map" | 
8/15/2021, 4:35:14 PM | ERROR | GET 404 Not Founddata "http://localhost:5000/assets/js/aos.js.map" | 
