8/3/2021, 11:34:52 PM | ERROR | return brand datadata "Zeissas" | 
8/3/2021, 11:34:52 PM | ERROR | return brand datadata "Unknown" | 
8/11/2021, 5:50:21 PM | ERROR | GET 404 Not Founddata "http://localhost:5000/404" | 
8/11/2021, 5:54:46 PM | ERROR | GET 404 Not Founddata "http://localhost:5000/404" | 
8/11/2021, 5:54:47 PM | ERROR | GET 404 Not Founddata "http://localhost:5000/404" | 
8/11/2021, 5:54:58 PM | ERROR | GET 404 Not Founddata "http://localhost:5000/404" | 
8/11/2021, 5:54:58 PM | ERROR | GET 404 Not Founddata "http://localhost:5000/404" | 
8/11/2021, 5:56:53 PM | ERROR | GET 404 Not Founddata "http://localhost:5000/asd" | 
8/11/2021, 5:56:54 PM | ERROR | GET 404 Not Founddata "http://localhost:5000/assets/coming-soon/images/horizon/1.JPG" | 
8/11/2021, 5:57:05 PM | ERROR | GET 404 Not Founddata "http://localhost:5000/assets/coming-soon/images/horizon/1.JPG" | 
8/11/2021, 5:57:05 PM | ERROR | GET 404 Not Founddata "http://localhost:5000/assets/coming-soon/images/horizon/1.JPG" | 
8/11/2021, 5:57:15 PM | ERROR | GET 404 Not Founddata "http://localhost:5000/hello" | 
8/11/2021, 5:57:15 PM | ERROR | GET 404 Not Founddata "http://localhost:5000/assets/coming-soon/images/horizon/1.JPG" | 
8/11/2021, 5:58:50 PM | ERROR | GET 404 Not Founddata "http://localhost:5000/cascx" | 
8/11/2021, 5:58:50 PM | ERROR | GET 404 Not Founddata "http://localhost:5000/assets/coming-soon/images/horizon/1.JPG" | 
8/11/2021, 7:06:41 PM | ERROR | GET 404 Not Founddata "http://localhost:5000/accessories" | 
8/11/2021, 7:06:42 PM | ERROR | GET 404 Not Founddata "http://localhost:5000/assets/coming-soon/images/horizon/1.JPG" | 
8/11/2021, 7:07:08 PM | ERROR | GET 404 Not Founddata "http://localhost:5000/brands/%3Ch1%20class=%22section-header-a%22%3EZeiss%3C/h1%3E%3Cbr%3E" | 
8/11/2021, 7:08:27 PM | ERROR | GET 404 Not Founddata "http://localhost:5000/brands/%3Ch1%20class=%22section-header-a%22%3EZeiss%3C/h1%3E%3Cbr%3E" | 
8/11/2021, 7:09:21 PM | ERROR | GET 404 Not Founddata "http://localhost:5000/brands/%3Ch1%20class=%22section-header-a%22%3EZeiss%3C/h1%3E%3Cbr%3E" | 
8/11/2021, 7:09:23 PM | ERROR | GET 404 Not Founddata "http://localhost:5000/brands/%3Ch1%20class=%22section-header-a%22%3EZeiss%3C/h1%3E%3Cbr%3E" | 
8/11/2021, 7:09:42 PM | ERROR | GET 404 Not Founddata "http://localhost:5000/brands/%3Ch1%20class=%22section-header-a%22%3EZeiss%3C/h1%3E%3Cbr%3E" | 
8/11/2021, 7:09:45 PM | ERROR | GET 404 Not Founddata "http://localhost:5000/brands/%3Ch1%20class=%22section-header-a%22%3EZeiss%3C/h1%3E%3Cbr%3E" | 
8/11/2021, 7:09:50 PM | ERROR | GET 404 Not Founddata "http://localhost:5000/brands/%3Ch1%20class=%22section-header-a%22%3EZeiss%3C/h1%3E%3Cbr%3E" | 
8/11/2021, 7:10:01 PM | ERROR | GET 404 Not Founddata "http://localhost:5000/brands/%3Ch1%20class=%22section-header-a%22%3EZeiss%3C/h1%3E%3Cbr%3E" | 
8/11/2021, 7:10:11 PM | ERROR | GET 404 Not Founddata "http://localhost:5000/brands/%3Ch1%20class=%22section-header-a%22%3EZeiss%3C/h1%3E%3Cbr%3E" | 
8/11/2021, 7:10:15 PM | ERROR | GET 404 Not Founddata "http://localhost:5000/brands/%3Ch1%20class=%22section-header-a%22%3EZeiss%3C/h1%3E%3Cbr%3E" | 
8/11/2021, 7:12:49 PM | ERROR | GET 404 Not Founddata "http://localhost:5000/assets/js/popper.min.js.map" | 
8/11/2021, 7:12:50 PM | ERROR | GET 404 Not Founddata "http://localhost:5000/assets/js/bootstrap.min.js.map" | 
8/11/2021, 7:12:50 PM | ERROR | GET 404 Not Founddata "http://localhost:5000/assets/js/aos.js.map" | 
8/11/2021, 7:12:51 PM | ERROR | GET 404 Not Founddata "http://localhost:5000/assets/css/bootstrap.min.css.map" | 
8/11/2021, 7:12:51 PM | ERROR | GET 404 Not Founddata "http://localhost:5000/assets/css/aos.css.map" | 
8/11/2021, 7:15:52 PM | ERROR | GET 404 Not Founddata "http://localhost:5000/assets/css/bootstrap.min.css.map" | 
8/11/2021, 7:15:53 PM | ERROR | GET 404 Not Founddata "http://localhost:5000/assets/css/aos.css.map" | 
8/11/2021, 7:15:53 PM | ERROR | GET 404 Not Founddata "http://localhost:5000/assets/js/popper.min.js.map" | 
8/11/2021, 7:15:54 PM | ERROR | GET 404 Not Founddata "http://localhost:5000/assets/js/aos.js.map" | 
8/11/2021, 7:15:54 PM | ERROR | GET 404 Not Founddata "http://localhost:5000/assets/js/bootstrap.min.js.map" | 
8/11/2021, 7:16:43 PM | ERROR | GET 404 Not Founddata "http://localhost:5000/accessories" | 
8/11/2021, 7:16:43 PM | ERROR | GET 404 Not Founddata "http://localhost:5000/assets/coming-soon/images/horizon/1.JPG" | 
